[   38772ms] [WARNING] [Analytics] NEXT_PUBLIC_GA_MEASUREMENT_ID is not set. Analytics tracking is disabled. @ webpack-internal:///(app-pages-browser)/./src/lib/analytics/gtag.ts:17
[   40720ms] [ERROR] Failed to fetch call notifications: {message: AbortError: signal is aborted without reason, details: AbortError: signal is aborted without reason
    a…supabase/auth-js/dist/module/lib/locks.js:108:29), hint: , code: } @ webpack-internal:///(app-pages-browser)/./node_modules/next/dist/next-devtools/userspace/app/errors/intercept-console-error.js:56
[   40840ms] [ERROR] Failed to fetch appointment notifications: {message: AbortError: signal is aborted without reason, details: AbortError: signal is aborted without reason
    a…supabase/auth-js/dist/module/lib/locks.js:108:29), hint: , code: } @ webpack-internal:///(app-pages-browser)/./node_modules/next/dist/next-devtools/userspace/app/errors/intercept-console-error.js:56
[   42943ms] AbortError: signal is aborted without reason
    at eval (webpack-internal:///(app-pages-browser)/./node_modules/@supabase/auth-js/dist/module/lib/locks.js:108:29)
[   42944ms] AbortError: signal is aborted without reason
    at eval (webpack-internal:///(app-pages-browser)/./node_modules/@supabase/auth-js/dist/module/lib/locks.js:108:29)
[   65849ms] [LOG] [Fast Refresh] rebuilding @ webpack-internal:///(app-pages-browser)/./node_modules/next/dist/client/dev/hot-reloader/app/hot-reloader-app.js:196
[   83309ms] AbortError: signal is aborted without reason
    at eval (webpack-internal:///(app-pages-browser)/./node_modules/@supabase/auth-js/dist/module/lib/locks.js:108:29)
[   89124ms] [ERROR] Failed to fetch call notifications: {message: AbortError: signal is aborted without reason, details: AbortError: signal is aborted without reason
    a…supabase/auth-js/dist/module/lib/locks.js:108:29), hint: , code: } @ webpack-internal:///(app-pages-browser)/./node_modules/next/dist/next-devtools/userspace/app/errors/intercept-console-error.js:56
[   89126ms] [ERROR] Failed to fetch appointment notifications: {message: AbortError: signal is aborted without reason, details: AbortError: signal is aborted without reason
    a…supabase/auth-js/dist/module/lib/locks.js:108:29), hint: , code: } @ webpack-internal:///(app-pages-browser)/./node_modules/next/dist/next-devtools/userspace/app/errors/intercept-console-error.js:56
[  112715ms] [LOG] [Fast Refresh] done in 46867ms @ webpack-internal:///(app-pages-browser)/./node_modules/next/dist/client/dev/report-hmr-latency.js:13
[  121960ms] [LOG] [Fast Refresh] rebuilding @ webpack-internal:///(app-pages-browser)/./node_modules/next/dist/client/dev/hot-reloader/app/hot-reloader-app.js:196
[  132320ms] [LOG] [Fast Refresh] done in 10361ms @ webpack-internal:///(app-pages-browser)/./node_modules/next/dist/client/dev/report-hmr-latency.js:13
[  145087ms] [LOG] [Client Instrumentation Hook] Slow execution detected: 2072ms (Note: Code download overhead is not included in this measurement) @ webpack-internal:///(app-pages-browser)/./node_modules/next/dist/lib/require-instrumentation-client.js:18
[  145291ms] [INFO] %cDownload the React DevTools for a better development experience: https://react.dev/link/react-devtools font-weight:bold @ webpack-internal:///(app-pages-browser)/./node_modules/next/dist/compiled/react-dom/cjs/react-dom-client.development.js:25630
[  145824ms] [WARNING] [@sentry/nextjs] You are calling `Sentry.init()` more than once on the client. This can happen if you have both a `sentry.client.config.ts` and a `instrumentation-client.ts` file with `Sentry.init()` calls. It is recommended to call `Sentry.init()` once in `instrumentation-client.ts`. @ webpack-internal:///(app-pages-browser)/./node_modules/@sentry/nextjs/build/esm/client/index.js:251
[  175701ms] [WARNING] [Analytics] NEXT_PUBLIC_GA_MEASUREMENT_ID is not set. Analytics tracking is disabled. @ webpack-internal:///(app-pages-browser)/./src/lib/analytics/gtag.ts:17
[  177354ms] [ERROR] Failed to fetch call notifications: {message: AbortError: signal is aborted without reason, details: AbortError: signal is aborted without reason
    a…supabase/auth-js/dist/module/lib/locks.js:108:29), hint: , code: } @ webpack-internal:///(app-pages-browser)/./node_modules/next/dist/next-devtools/userspace/app/errors/intercept-console-error.js:56
[  177357ms] [ERROR] Failed to fetch appointment notifications: {message: AbortError: signal is aborted without reason, details: AbortError: signal is aborted without reason
    a…supabase/auth-js/dist/module/lib/locks.js:108:29), hint: , code: } @ webpack-internal:///(app-pages-browser)/./node_modules/next/dist/next-devtools/userspace/app/errors/intercept-console-error.js:56
[  188576ms] AbortError: signal is aborted without reason
    at eval (webpack-internal:///(app-pages-browser)/./node_modules/@supabase/auth-js/dist/module/lib/locks.js:108:29)
[  188724ms] AbortError: signal is aborted without reason
    at eval (webpack-internal:///(app-pages-browser)/./node_modules/@supabase/auth-js/dist/module/lib/locks.js:108:29)
[  217684ms] AbortError: signal is aborted without reason
    at eval (webpack-internal:///(app-pages-browser)/./node_modules/@supabase/auth-js/dist/module/lib/locks.js:108:29)
[  230283ms] [ERROR] Failed to fetch call notifications: {message: AbortError: signal is aborted without reason, details: AbortError: signal is aborted without reason
    a…supabase/auth-js/dist/module/lib/locks.js:108:29), hint: , code: } @ webpack-internal:///(app-pages-browser)/./node_modules/next/dist/next-devtools/userspace/app/errors/intercept-console-error.js:56
[  230284ms] [ERROR] Failed to fetch appointment notifications: {message: AbortError: signal is aborted without reason, details: AbortError: signal is aborted without reason
    a…supabase/auth-js/dist/module/lib/locks.js:108:29), hint: , code: } @ webpack-internal:///(app-pages-browser)/./node_modules/next/dist/next-devtools/userspace/app/errors/intercept-console-error.js:56
