[    6533ms] [LOG] [Fast Refresh] rebuilding @ webpack-internal:///(app-pages-browser)/./node_modules/next/dist/client/dev/hot-reloader/app/hot-reloader-app.js:196
[   23965ms] [LOG] [Fast Refresh] done in 17437ms @ webpack-internal:///(app-pages-browser)/./node_modules/next/dist/client/dev/report-hmr-latency.js:13
[   28879ms] [LOG] [Client Instrumentation Hook] Slow execution detected: 1064ms (Note: Code download overhead is not included in this measurement) @ webpack-internal:///(app-pages-browser)/./node_modules/next/dist/lib/require-instrumentation-client.js:18
[   28959ms] [INFO] %cDownload the React DevTools for a better development experience: https://react.dev/link/react-devtools font-weight:bold @ webpack-internal:///(app-pages-browser)/./node_modules/next/dist/compiled/react-dom/cjs/react-dom-client.development.js:25630
[   29346ms] [WARNING] [@sentry/nextjs] You are calling `Sentry.init()` more than once on the client. This can happen if you have both a `sentry.client.config.ts` and a `instrumentation-client.ts` file with `Sentry.init()` calls. It is recommended to call `Sentry.init()` once in `instrumentation-client.ts`. @ webpack-internal:///(app-pages-browser)/./node_modules/@sentry/nextjs/build/esm/client/index.js:251
[   54057ms] [WARNING] [Analytics] NEXT_PUBLIC_GA_MEASUREMENT_ID is not set. Analytics tracking is disabled. @ webpack-internal:///(app-pages-browser)/./src/lib/analytics/gtag.ts:17
[   55632ms] [ERROR] Failed to fetch call notifications: {message: AbortError: signal is aborted without reason, details: AbortError: signal is aborted without reason
    a…supabase/auth-js/dist/module/lib/locks.js:108:29), hint: , code: } @ webpack-internal:///(app-pages-browser)/./node_modules/next/dist/next-devtools/userspace/app/errors/intercept-console-error.js:56
[   55632ms] [ERROR] Failed to fetch appointment notifications: {message: AbortError: signal is aborted without reason, details: AbortError: signal is aborted without reason
    a…supabase/auth-js/dist/module/lib/locks.js:108:29), hint: , code: } @ webpack-internal:///(app-pages-browser)/./node_modules/next/dist/next-devtools/userspace/app/errors/intercept-console-error.js:56
[   63897ms] AbortError: signal is aborted without reason
    at eval (webpack-internal:///(app-pages-browser)/./node_modules/@supabase/auth-js/dist/module/lib/locks.js:108:29)
[   63898ms] AbortError: signal is aborted without reason
    at eval (webpack-internal:///(app-pages-browser)/./node_modules/@supabase/auth-js/dist/module/lib/locks.js:108:29)
[   95321ms] [ERROR] A tree hydrated but some attributes of the server rendered HTML didn't match the client properties. This won't be patched up. This can happen if a SSR-ed Client Component used:

- A server/client branch `if (typeof window !== 'undefined')`.
- Variable input such as `Date.now()` or `Math.random()` which changes each time it's called.
- Date formatting in a user's locale which doesn't match the server.
- External changing data without sending a snapshot of it along with the HTML.
- Invalid HTML tag nesting.

It can also happen if the client has a browser extension installed which messes with the HTML before React loaded.

%s%s https://react.dev/link/hydration-mismatch 

  ...
    <RedirectErrorBoundary router={{...}}>
      <InnerLayoutRouter url="/assistant..." tree={[...]} cacheNode={{lazyData:null, ...}} segmentPath={[...]}>
        <SegmentViewNode type="page" pagePath="(dashboard...">
          <SegmentTrieNode>
          <ClientPageRoot Component={function NewAssistantPage} searchParams={{}} params={{}}>
            <NewAssistantPage params={Promise} searchParams={Promise}>
              <div className="mx-auto ma...">
                <div>
                <form onSubmit={function handleSubmit} className="space-y-6">
                  <_c>
                    <div ref={null} className="rounded-lg...">
                      <_c2>
                      <_c8 className="space-y-4">
                        <div ref={null} className="p-6 pt-0 s...">
                          <div className="space-y-2">
                            <_c>
                            <_c id="name" placeholder="e.g., Sara..." value="" onChange={function onChange} ...>
                              <input
                                type={undefined}
                                className="flex h-10 w-full rounded-md border border-input bg-background px-3 py-2 tex..."
                                ref={null}
                                id="name"
                                placeholder="e.g., Sarah - Front Desk"
                                value=""
                                onChange={function onChange}
                                required={true}
-                               style={{}}
                              >
                          <div className="space-y-2">
                            <_c>
                            <_c id="firstMessage" placeholder="What shoul..." value="Hello! Tha..." ...>
                              <textarea
                                className="flex min-h-[80px] w-full rounded-md border border-input bg-background px-3 ..."
                                ref={null}
                                id="firstMessage"
                                placeholder="What should the assistant say when answering?"
                                value="Hello! Thank you for calling. How can I help you today?"
                                onChange={function onChange}
                                required={true}
                                rows={2}
-                               style={{}}
                              >
                            ...
                          <div className="space-y-2">
                            <_c>
                            <_c id="systemPrompt" placeholder="Describe h..." value={"You are ..."} ...>
                              <textarea
                                className="flex min-h-[80px] w-full rounded-md border border-input bg-background px-3 ..."
                                ref={null}
                                id="systemPrompt"
                                placeholder="Describe how the assistant should behave..."
                                value={"You are a friendly and professional AI receptionist for {{business_name}}. Yo..."}
                                onChange={function onChange}
                                required={true}
                                rows={10}
-                               style={{}}
                              >
                            ...
                  ...
        ...
      ...
 @ webpack-internal:///(app-pages-browser)/./node_modules/next/dist/next-devtools/userspace/app/errors/intercept-console-error.js:56
[  108372ms] [ERROR] Failed to fetch call notifications: {message: AbortError: signal is aborted without reason, details: AbortError: signal is aborted without reason
    a…supabase/auth-js/dist/module/lib/locks.js:108:29), hint: , code: } @ webpack-internal:///(app-pages-browser)/./node_modules/next/dist/next-devtools/userspace/app/errors/intercept-console-error.js:56
[  108380ms] [ERROR] Failed to fetch appointment notifications: {message: AbortError: signal is aborted without reason, details: AbortError: signal is aborted without reason
    a…supabase/auth-js/dist/module/lib/locks.js:108:29), hint: , code: } @ webpack-internal:///(app-pages-browser)/./node_modules/next/dist/next-devtools/userspace/app/errors/intercept-console-error.js:56
