[   10763ms] [ERROR] Failed to fetch call notifications: {message: AbortError: signal is aborted without reason, details: AbortError: signal is aborted without reason
    a…supabase/auth-js/dist/module/lib/locks.js:108:29), hint: , code: } @ webpack-internal:///(app-pages-browser)/./node_modules/next/dist/next-devtools/userspace/app/errors/intercept-console-error.js:56
[   10774ms] [ERROR] Failed to fetch appointment notifications: {message: AbortError: signal is aborted without reason, details: AbortError: signal is aborted without reason
    a…supabase/auth-js/dist/module/lib/locks.js:108:29), hint: , code: } @ webpack-internal:///(app-pages-browser)/./node_modules/next/dist/next-devtools/userspace/app/errors/intercept-console-error.js:56
[   50494ms] [LOG] [Client Instrumentation Hook] Slow execution detected: 2335ms (Note: Code download overhead is not included in this measurement) @ webpack-internal:///(app-pages-browser)/./node_modules/next/dist/lib/require-instrumentation-client.js:18
[   50639ms] [INFO] %cDownload the React DevTools for a better development experience: https://react.dev/link/react-devtools font-weight:bold @ webpack-internal:///(app-pages-browser)/./node_modules/next/dist/compiled/react-dom/cjs/react-dom-client.development.js:25630
[   51333ms] [WARNING] [@sentry/nextjs] You are calling `Sentry.init()` more than once on the client. This can happen if you have both a `sentry.client.config.ts` and a `instrumentation-client.ts` file with `Sentry.init()` calls. It is recommended to call `Sentry.init()` once in `instrumentation-client.ts`. @ webpack-internal:///(app-pages-browser)/./node_modules/@sentry/nextjs/build/esm/client/index.js:251
[   83363ms] [WARNING] [Analytics] NEXT_PUBLIC_GA_MEASUREMENT_ID is not set. Analytics tracking is disabled. @ webpack-internal:///(app-pages-browser)/./src/lib/analytics/gtag.ts:17
[   87682ms] [ERROR] Failed to fetch call notifications: {message: AbortError: signal is aborted without reason, details: AbortError: signal is aborted without reason
    a…supabase/auth-js/dist/module/lib/locks.js:108:29), hint: , code: } @ webpack-internal:///(app-pages-browser)/./node_modules/next/dist/next-devtools/userspace/app/errors/intercept-console-error.js:56
[   87761ms] [ERROR] Failed to fetch appointment notifications: {message: AbortError: signal is aborted without reason, details: AbortError: signal is aborted without reason
    a…supabase/auth-js/dist/module/lib/locks.js:108:29), hint: , code: } @ webpack-internal:///(app-pages-browser)/./node_modules/next/dist/next-devtools/userspace/app/errors/intercept-console-error.js:56
[   92398ms] AbortError: signal is aborted without reason
    at eval (webpack-internal:///(app-pages-browser)/./node_modules/@supabase/auth-js/dist/module/lib/locks.js:108:29)
[   92399ms] AbortError: signal is aborted without reason
    at eval (webpack-internal:///(app-pages-browser)/./node_modules/@supabase/auth-js/dist/module/lib/locks.js:108:29)
[  126452ms] AbortError: signal is aborted without reason
    at eval (webpack-internal:///(app-pages-browser)/./node_modules/@supabase/auth-js/dist/module/lib/locks.js:108:29)
[  136931ms] [ERROR] Failed to fetch call notifications: {message: AbortError: signal is aborted without reason, details: AbortError: signal is aborted without reason
    a…supabase/auth-js/dist/module/lib/locks.js:108:29), hint: , code: } @ webpack-internal:///(app-pages-browser)/./node_modules/next/dist/next-devtools/userspace/app/errors/intercept-console-error.js:56
[  136932ms] [ERROR] Failed to fetch appointment notifications: {message: AbortError: signal is aborted without reason, details: AbortError: signal is aborted without reason
    a…supabase/auth-js/dist/module/lib/locks.js:108:29), hint: , code: } @ webpack-internal:///(app-pages-browser)/./node_modules/next/dist/next-devtools/userspace/app/errors/intercept-console-error.js:56
