[   55339ms] [ERROR] Failed to fetch call notifications: {message: AbortError: signal is aborted without reason, details: AbortError: signal is aborted without reason
    a…supabase/auth-js/dist/module/lib/locks.js:108:29), hint: , code: } @ webpack-internal:///(app-pages-browser)/./node_modules/next/dist/next-devtools/userspace/app/errors/intercept-console-error.js:56
[   55350ms] [ERROR] Failed to fetch appointment notifications: {message: AbortError: signal is aborted without reason, details: AbortError: signal is aborted without reason
    a…supabase/auth-js/dist/module/lib/locks.js:108:29), hint: , code: } @ webpack-internal:///(app-pages-browser)/./node_modules/next/dist/next-devtools/userspace/app/errors/intercept-console-error.js:56
[   94294ms] [LOG] [Client Instrumentation Hook] Slow execution detected: 1445ms (Note: Code download overhead is not included in this measurement) @ webpack-internal:///(app-pages-browser)/./node_modules/next/dist/lib/require-instrumentation-client.js:18
[   94412ms] [INFO] %cDownload the React DevTools for a better development experience: https://react.dev/link/react-devtools font-weight:bold @ webpack-internal:///(app-pages-browser)/./node_modules/next/dist/compiled/react-dom/cjs/react-dom-client.development.js:25630
[   94832ms] [WARNING] [@sentry/nextjs] You are calling `Sentry.init()` more than once on the client. This can happen if you have both a `sentry.client.config.ts` and a `instrumentation-client.ts` file with `Sentry.init()` calls. It is recommended to call `Sentry.init()` once in `instrumentation-client.ts`. @ webpack-internal:///(app-pages-browser)/./node_modules/@sentry/nextjs/build/esm/client/index.js:251
[  121091ms] [WARNING] [Analytics] NEXT_PUBLIC_GA_MEASUREMENT_ID is not set. Analytics tracking is disabled. @ webpack-internal:///(app-pages-browser)/./src/lib/analytics/gtag.ts:17
[  124954ms] [ERROR] Failed to fetch call notifications: {message: AbortError: signal is aborted without reason, details: AbortError: signal is aborted without reason
    a…supabase/auth-js/dist/module/lib/locks.js:108:29), hint: , code: } @ webpack-internal:///(app-pages-browser)/./node_modules/next/dist/next-devtools/userspace/app/errors/intercept-console-error.js:56
[  124954ms] [ERROR] Failed to fetch appointment notifications: {message: AbortError: signal is aborted without reason, details: AbortError: signal is aborted without reason
    a…supabase/auth-js/dist/module/lib/locks.js:108:29), hint: , code: } @ webpack-internal:///(app-pages-browser)/./node_modules/next/dist/next-devtools/userspace/app/errors/intercept-console-error.js:56
[  125937ms] AbortError: signal is aborted without reason
    at eval (webpack-internal:///(app-pages-browser)/./node_modules/@supabase/auth-js/dist/module/lib/locks.js:108:29)
[  125937ms] AbortError: signal is aborted without reason
    at eval (webpack-internal:///(app-pages-browser)/./node_modules/@supabase/auth-js/dist/module/lib/locks.js:108:29)
[  171129ms] [WARNING] Warning: Missing `Description` or `aria-describedby={undefined}` for {DialogContent}. @ webpack-internal:///(app-pages-browser)/./node_modules/@radix-ui/react-dialog/dist/index.mjs:476
[  171271ms] [WARNING] Warning: Missing `Description` or `aria-describedby={undefined}` for {DialogContent}. @ webpack-internal:///(app-pages-browser)/./node_modules/@radix-ui/react-dialog/dist/index.mjs:476
[  174864ms] [ERROR] Failed to fetch call notifications: {message: AbortError: signal is aborted without reason, details: AbortError: signal is aborted without reason
    a…supabase/auth-js/dist/module/lib/locks.js:108:29), hint: , code: } @ webpack-internal:///(app-pages-browser)/./node_modules/next/dist/next-devtools/userspace/app/errors/intercept-console-error.js:56
[  174865ms] [ERROR] Failed to fetch appointment notifications: {message: AbortError: signal is aborted without reason, details: AbortError: signal is aborted without reason
    a…supabase/auth-js/dist/module/lib/locks.js:108:29), hint: , code: } @ webpack-internal:///(app-pages-browser)/./node_modules/next/dist/next-devtools/userspace/app/errors/intercept-console-error.js:56
[  200531ms] [WARNING] Warning: Missing `Description` or `aria-describedby={undefined}` for {DialogContent}. @ webpack-internal:///(app-pages-browser)/./node_modules/@radix-ui/react-dialog/dist/index.mjs:476
[  200638ms] [WARNING] Warning: Missing `Description` or `aria-describedby={undefined}` for {DialogContent}. @ webpack-internal:///(app-pages-browser)/./node_modules/@radix-ui/react-dialog/dist/index.mjs:476
[  234772ms] [ERROR] Failed to fetch call notifications: {message: AbortError: signal is aborted without reason, details: AbortError: signal is aborted without reason
    a…supabase/auth-js/dist/module/lib/locks.js:108:29), hint: , code: } @ webpack-internal:///(app-pages-browser)/./node_modules/next/dist/next-devtools/userspace/app/errors/intercept-console-error.js:56
[  234772ms] [ERROR] Failed to fetch appointment notifications: {message: AbortError: signal is aborted without reason, details: AbortError: signal is aborted without reason
    a…supabase/auth-js/dist/module/lib/locks.js:108:29), hint: , code: } @ webpack-internal:///(app-pages-browser)/./node_modules/next/dist/next-devtools/userspace/app/errors/intercept-console-error.js:56
