[   22404ms] [ERROR] Failed to fetch call notifications: {message: AbortError: signal is aborted without reason, details: AbortError: signal is aborted without reason
    a…supabase/auth-js/dist/module/lib/locks.js:108:29), hint: , code: } @ webpack-internal:///(app-pages-browser)/./node_modules/next/dist/next-devtools/userspace/app/errors/intercept-console-error.js:56
[   22406ms] [ERROR] Failed to fetch appointment notifications: {message: AbortError: signal is aborted without reason, details: AbortError: signal is aborted without reason
    a…supabase/auth-js/dist/module/lib/locks.js:108:29), hint: , code: } @ webpack-internal:///(app-pages-browser)/./node_modules/next/dist/next-devtools/userspace/app/errors/intercept-console-error.js:56
[   25077ms] [LOG] [Fast Refresh] rebuilding @ webpack-internal:///(app-pages-browser)/./node_modules/next/dist/client/dev/hot-reloader/app/hot-reloader-app.js:196
[   70751ms] [LOG] [Fast Refresh] done in 45678ms @ webpack-internal:///(app-pages-browser)/./node_modules/next/dist/client/dev/report-hmr-latency.js:13
[   77856ms] [LOG] [Client Instrumentation Hook] Slow execution detected: 1327ms (Note: Code download overhead is not included in this measurement) @ webpack-internal:///(app-pages-browser)/./node_modules/next/dist/lib/require-instrumentation-client.js:18
[   78402ms] [INFO] %cDownload the React DevTools for a better development experience: https://react.dev/link/react-devtools font-weight:bold @ webpack-internal:///(app-pages-browser)/./node_modules/next/dist/compiled/react-dom/cjs/react-dom-client.development.js:25630
[   78984ms] [WARNING] [@sentry/nextjs] You are calling `Sentry.init()` more than once on the client. This can happen if you have both a `sentry.client.config.ts` and a `instrumentation-client.ts` file with `Sentry.init()` calls. It is recommended to call `Sentry.init()` once in `instrumentation-client.ts`. @ webpack-internal:///(app-pages-browser)/./node_modules/@sentry/nextjs/build/esm/client/index.js:251
[  105777ms] [WARNING] [Analytics] NEXT_PUBLIC_GA_MEASUREMENT_ID is not set. Analytics tracking is disabled. @ webpack-internal:///(app-pages-browser)/./src/lib/analytics/gtag.ts:17
[  109658ms] [ERROR] Failed to fetch call notifications: {message: AbortError: signal is aborted without reason, details: AbortError: signal is aborted without reason
    a…supabase/auth-js/dist/module/lib/locks.js:108:29), hint: , code: } @ webpack-internal:///(app-pages-browser)/./node_modules/next/dist/next-devtools/userspace/app/errors/intercept-console-error.js:56
[  109659ms] [ERROR] Failed to fetch appointment notifications: {message: AbortError: signal is aborted without reason, details: AbortError: signal is aborted without reason
    a…supabase/auth-js/dist/module/lib/locks.js:108:29), hint: , code: } @ webpack-internal:///(app-pages-browser)/./node_modules/next/dist/next-devtools/userspace/app/errors/intercept-console-error.js:56
[  112542ms] AbortError: signal is aborted without reason
    at eval (webpack-internal:///(app-pages-browser)/./node_modules/@supabase/auth-js/dist/module/lib/locks.js:108:29)
[  112549ms] AbortError: signal is aborted without reason
    at eval (webpack-internal:///(app-pages-browser)/./node_modules/@supabase/auth-js/dist/module/lib/locks.js:108:29)
[  137899ms] [ERROR] A tree hydrated but some attributes of the server rendered HTML didn't match the client properties. This won't be patched up. This can happen if a SSR-ed Client Component used:

- A server/client branch `if (typeof window !== 'undefined')`.
- Variable input such as `Date.now()` or `Math.random()` which changes each time it's called.
- Date formatting in a user's locale which doesn't match the server.
- External changing data without sending a snapshot of it along with the HTML.
- Invalid HTML tag nesting.

It can also happen if the client has a browser extension installed which messes with the HTML before React loaded.

%s%s https://react.dev/link/hydration-mismatch 

  ...
    <RedirectBoundary>
      <RedirectErrorBoundary router={{...}}>
        <InnerLayoutRouter url="/settings/..." tree={[...]} cacheNode={{lazyData:null, ...}} segmentPath={[...]}>
          <SegmentViewNode type="page" pagePath="(dashboard...">
            <SegmentTrieNode>
            <NotificationsPage>
              <div className="space-y-6">
                <div>
                <NotificationSettings organizationId="35cc7464-e..." initialPreferences={{id:"81d3e7...", ...}} ...>
                  <div className="space-y-6">
                    ...
                      <div ref={null} className="p-6 pt-0 s...">
                        ...
                          <Switch className="peer inlin..." checked={true} onCheckedChange={function onCheckedChange} ...>
                            <SwitchProvider scope={undefined} checked={true} disabled={undefined}>
                              <Primitive.button>
                              <SwitchBubbleInput control={null} bubbles={true} name={undefined} value="on" checked={true} ...>
                                <input
                                  type="checkbox"
                                  aria-hidden={true}
                                  defaultChecked={true}
                                  name={undefined}
                                  value="on"
                                  required={undefined}
                                  disabled={undefined}
                                  form={undefined}
                                  style={{
+                                   transform: "translateX(-100%)"
-                                   transform: "translateX(-100%)"
+                                   position: "absolute"
-                                   position: "absolute"
+                                   pointerEvents: "none"
+                                   opacity: 0
-                                   opacity: "0"
+                                   margin: 0
-                                   pointer-events: "none"
-                                   margin-top: "0px"
-                                   margin-right: "0px"
-                                   margin-bottom: "0px"
-                                   margin-left: "0px"
-                                   caret-color: "transparent"
                                  }}
                                  tabIndex={-1}
                                  ref={function}
                                >
                        ...
                          <Switch className="peer inlin..." checked={true} onCheckedChange={function onCheckedChange} ...>
                            <SwitchProvider scope={undefined} checked={true} disabled={undefined}>
                              <Primitive.button>
                              <SwitchBubbleInput control={null} bubbles={true} name={undefined} value="on" checked={true} ...>
                                <input
                                  type="checkbox"
                                  aria-hidden={true}
                                  defaultChecked={true}
                                  name={undefined}
                                  value="on"
                                  required={undefined}
                                  disabled={undefined}
                                  form={undefined}
                                  style={{
+                                   transform: "translateX(-100%)"
-                                   transform: "translateX(-100%)"
+                                   position: "absolute"
-                                   position: "absolute"
+                                   pointerEvents: "none"
+                                   opacity: 0
-                                   opacity: "0"
+                                   margin: 0
-                                   pointer-events: "none"
-                                   margin-top: "0px"
-                                   margin-right: "0px"
-                                   margin-bottom: "0px"
-                                   margin-left: "0px"
-                                   caret-color: "transparent"
                                  }}
                                  tabIndex={-1}
                                  ref={function}
                                >
                        ...
                          <Switch className="peer inlin..." checked={true} onCheckedChange={function onCheckedChange} ...>
                            <SwitchProvider scope={undefined} checked={true} disabled={undefined}>
                              <Primitive.button>
                              <SwitchBubbleInput control={null} bubbles={true} name={undefined} value="on" checked={true} ...>
                                <input
                                  type="checkbox"
                                  aria-hidden={true}
                                  defaultChecked={true}
                                  name={undefined}
                                  value="on"
                                  required={undefined}
                                  disabled={undefined}
                                  form={undefined}
                                  style={{
+                                   transform: "translateX(-100%)"
-                                   transform: "translateX(-100%)"
+                                   position: "absolute"
-                                   position: "absolute"
+                                   pointerEvents: "none"
+                                   opacity: 0
-                                   opacity: "0"
+                                   margin: 0
-                                   pointer-events: "none"
-                                   margin-top: "0px"
-                                   margin-right: "0px"
-                                   margin-bottom: "0px"
-                                   margin-left: "0px"
-                                   caret-color: "transparent"
                                  }}
                                  tabIndex={-1}
                                  ref={function}
                                >
                        ...
                          <Switch className="peer inlin..." checked={true} onCheckedChange={function onCheckedChange} ...>
                            <SwitchProvider scope={undefined} checked={true} disabled={undefined}>
                              <Primitive.button>
                              <SwitchBubbleInput control={null} bubbles={true} name={undefined} value="on" checked={true} ...>
                                <input
                                  type="checkbox"
                                  aria-hidden={true}
                                  defaultChecked={true}
                                  name={undefined}
                                  value="on"
                                  required={undefined}
                                  disabled={undefined}
                                  form={undefined}
                                  style={{
+                                   transform: "translateX(-100%)"
-                                   transform: "translateX(-100%)"
+                                   position: "absolute"
-                                   position: "absolute"
+                                   pointerEvents: "none"
+                                   opacity: 0
-                                   opacity: "0"
+                                   margin: 0
-                                   pointer-events: "none"
-                                   margin-top: "0px"
-                                   margin-right: "0px"
-                                   margin-bottom: "0px"
-                                   margin-left: "0px"
-                                   caret-color: "transparent"
                                  }}
                                  tabIndex={-1}
                                  ref={function}
                                >
                        ...
                          <Switch className="peer inlin..." checked={true} onCheckedChange={function onCheckedChange} ...>
                            <SwitchProvider scope={undefined} checked={true} disabled={undefined}>
                              <Primitive.button>
                              <SwitchBubbleInput control={null} bubbles={true} name={undefined} value="on" checked={true} ...>
                                <input
                                  type="checkbox"
                                  aria-hidden={true}
                                  defaultChecked={true}
                                  name={undefined}
                                  value="on"
                                  required={undefined}
                                  disabled={undefined}
                                  form={undefined}
                                  style={{
+                                   transform: "translateX(-100%)"
-                                   transform: "translateX(-100%)"
+                                   position: "absolute"
-                                   position: "absolute"
+                                   pointerEvents: "none"
+                                   opacity: 0
-                                   opacity: "0"
+                                   margin: 0
-                                   pointer-events: "none"
-                                   margin-top: "0px"
-                                   margin-right: "0px"
-                                   margin-bottom: "0px"
-                                   margin-left: "0px"
-                                   caret-color: "transparent"
                                  }}
                                  tabIndex={-1}
                                  ref={function}
                                >
                    <_c>
                      <div ref={null} className="rounded-lg...">
                        <_c2>
                        <_c8 className="space-y-4">
                          <div ref={null} className="p-6 pt-0 s...">
                            <div className="space-y-2">
                              <_c>
                              <_c id="smsPhone" type="tel" placeholder="(555) 123-..." value="" ...>
                                <input
                                  type="tel"
                                  className="flex h-10 w-full rounded-md border border-input bg-background px-3 py-2 t..."
                                  ref={null}
                                  id="smsPhone"
                                  placeholder="(555) 123-4567"
                                  value=""
                                  onChange={function onChange}
-                                 style={{caret-color:"transparent"}}
                                >
                              ...
                            ...
                              <SwitchProvider scope={undefined} checked={false} disabled={true}>
                                <Primitive.button>
                                <SwitchBubbleInput control={null} bubbles={true} name={undefined} value="on" ...>
                                  <input
                                    type="checkbox"
                                    aria-hidden={true}
                                    defaultChecked={false}
                                    name={undefined}
                                    value="on"
                                    required={undefined}
                                    disabled={true}
                                    form={undefined}
                                    style={{
+                                     transform: "translateX(-100%)"
-                                     transform: "translateX(-100%)"
+                                     position: "absolute"
-                                     position: "absolute"
+                                     pointerEvents: "none"
+                                     opacity: 0
-                                     opacity: "0"
+                                     margin: 0
-                                     pointer-events: "none"
-                                     margin-top: "0px"
-                                     margin-right: "0px"
-                                     margin-bottom: "0px"
-                                     margin-left: "0px"
-                                     caret-color: "transparent"
                                    }}
                                    tabIndex={-1}
                                    ref={function}
                                  >
                            ...
                              <SwitchProvider scope={undefined} checked={false} disabled={true}>
                                <Primitive.button>
                                <SwitchBubbleInput control={null} bubbles={true} name={undefined} value="on" ...>
                                  <input
                                    type="checkbox"
                                    aria-hidden={true}
                                    defaultChecked={false}
                                    name={undefined}
                                    value="on"
                                    required={undefined}
                                    disabled={true}
                                    form={undefined}
                                    style={{
+                                     transform: "translateX(-100%)"
-                                     transform: "translateX(-100%)"
+                                     position: "absolute"
-                                     position: "absolute"
+                                     pointerEvents: "none"
+                                     opacity: 0
-                                     opacity: "0"
+                                     margin: 0
-                                     pointer-events: "none"
-                                     margin-top: "0px"
-                                     margin-right: "0px"
-                                     margin-bottom: "0px"
-                                     margin-left: "0px"
-                                     caret-color: "transparent"
                                    }}
                                    tabIndex={-1}
                                    ref={function}
                                  >
                            ...
                              <SwitchProvider scope={undefined} checked={false} disabled={true}>
                                <Primitive.button>
                                <SwitchBubbleInput control={null} bubbles={true} name={undefined} value="on" ...>
                                  <input
                                    type="checkbox"
                                    aria-hidden={true}
                                    defaultChecked={false}
                                    name={undefined}
                                    value="on"
                                    required={undefined}
                                    disabled={true}
                                    form={undefined}
                                    style={{
+                                     transform: "translateX(-100%)"
-                                     transform: "translateX(-100%)"
+                                     position: "absolute"
-                                     position: "absolute"
+                                     pointerEvents: "none"
+                                     opacity: 0
-                                     opacity: "0"
+                                     margin: 0
-                                     pointer-events: "none"
-                                     margin-top: "0px"
-                                     margin-right: "0px"
-                                     margin-bottom: "0px"
-                                     margin-left: "0px"
-                                     caret-color: "transparent"
                                    }}
                                    tabIndex={-1}
                                    ref={function}
                                  >
                    ...
                      <div ref={null} className="p-6 pt-0 s...">
                        ...
                          <Switch className="peer inlin..." checked={false} onCheckedChange={function onCheckedChange} ...>
                            <SwitchProvider scope={undefined} checked={false} disabled={false}>
                              <Primitive.button>
                              <SwitchBubbleInput control={null} bubbles={true} name={undefined} value="on" ...>
                                <input
                                  type="checkbox"
                                  aria-hidden={true}
                                  defaultChecked={false}
                                  name={undefined}
                                  value="on"
                                  required={undefined}
                                  disabled={false}
                                  form={undefined}
                                  style={{
+                                   transform: "translateX(-100%)"
-                                   transform: "translateX(-100%)"
+                                   position: "absolute"
-                                   position: "absolute"
+                                   pointerEvents: "none"
+                                   opacity: 0
-                                   opacity: "0"
+                                   margin: 0
-                                   pointer-events: "none"
-                                   margin-top: "0px"
-                                   margin-right: "0px"
-                                   margin-bottom: "0px"
-                                   margin-left: "0px"
-                                   caret-color: "transparent"
                                  }}
                                  tabIndex={-1}
                                  ref={function}
                                >
                        ...
                          <Switch className="peer inlin..." checked={false} onCheckedChange={function onCheckedChange} ...>
                            <SwitchProvider scope={undefined} checked={false} disabled={false}>
                              <Primitive.button>
                              <SwitchBubbleInput control={null} bubbles={true} name={undefined} value="on" ...>
                                <input
                                  type="checkbox"
                                  aria-hidden={true}
                                  defaultChecked={false}
                                  name={undefined}
                                  value="on"
                                  required={undefined}
                                  disabled={false}
                                  form={undefined}
                                  style={{
+                                   transform: "translateX(-100%)"
-                                   transform: "translateX(-100%)"
+                                   position: "absolute"
-                                   position: "absolute"
+                                   pointerEvents: "none"
+                                   opacity: 0
-                                   opacity: "0"
+                                   margin: 0
-                                   pointer-events: "none"
-                                   margin-top: "0px"
-                                   margin-right: "0px"
-                                   margin-bottom: "0px"
-                                   margin-left: "0px"
-                                   caret-color: "transparent"
                                  }}
                                  tabIndex={-1}
                                  ref={function}
                                >
                    <_c>
                      <div ref={null} className="rounded-lg...">
                        <_c2>
                        <_c8 className="space-y-4">
                          <div ref={null} className="p-6 pt-0 s...">
                            <div className="space-y-2">
                              <_c>
                              <_c id="webhookUrl" type="url" placeholder="https://yo..." value="" ...>
                                <input
                                  type="url"
                                  className="flex h-10 w-full rounded-md border border-input bg-background px-3 py-2 t..."
                                  ref={null}
                                  id="webhookUrl"
                                  placeholder="https://your-server.com/webhook"
                                  value=""
                                  onChange={function onChange}
-                                 style={{caret-color:"transparent"}}
                                >
                              ...
                    ...
          ...
        ...
 @ webpack-internal:///(app-pages-browser)/./node_modules/next/dist/next-devtools/userspace/app/errors/intercept-console-error.js:56
[  159506ms] [ERROR] Failed to fetch call notifications: {message: AbortError: signal is aborted without reason, details: AbortError: signal is aborted without reason
    a…supabase/auth-js/dist/module/lib/locks.js:108:29), hint: , code: } @ webpack-internal:///(app-pages-browser)/./node_modules/next/dist/next-devtools/userspace/app/errors/intercept-console-error.js:56
[  159517ms] [ERROR] Failed to fetch appointment notifications: {message: AbortError: signal is aborted without reason, details: AbortError: signal is aborted without reason
    a…supabase/auth-js/dist/module/lib/locks.js:108:29), hint: , code: } @ webpack-internal:///(app-pages-browser)/./node_modules/next/dist/next-devtools/userspace/app/errors/intercept-console-error.js:56
